<?xml version="1.0" encoding="UTF-8"?>
<!-- Generated by org.testng.reporters.JUnitReportReporter -->
<testsuite hostname="A12591" failures="0" tests="1" name="testCases.TC1_AccountRegistrationTest" time="8.092" errors="0" timestamp="2025-01-30T01:09:25 IST" skipped="0">
  <testcase classname="testCases.TC1_AccountRegistrationTest" name="verify_account_registration" time="8.092"/>
</testsuite> <!-- testCases.TC1_AccountRegistrationTest -->
