<?xml version="1.0" encoding="UTF-8"?>
<!-- Generated by org.testng.reporters.JUnitReportReporter -->
<testsuite hostname="A12591" failures="0" tests="1" name="testCases.TC1_AccountRegistrationTest" time="8.945" errors="0" timestamp="2025-02-01T01:57:44 IST" skipped="0">
  <testcase classname="testCases.TC1_AccountRegistrationTest" name="verify_account_registration" time="8.945"/>
</testsuite> <!-- testCases.TC1_AccountRegistrationTest -->
