<?xml version="1.0" encoding="UTF-8"?>
<!-- Generated by org.testng.reporters.JUnitReportReporter -->
<testsuite hostname="A12591" failures="0" tests="1" name="testCases.TC2_LoginTest" time="5.860" errors="0" timestamp="2025-02-01T02:07:42 IST" skipped="0">
  <testcase classname="testCases.TC2_LoginTest" name="verify_login" time="5.860"/>
</testsuite> <!-- testCases.TC2_LoginTest -->
